2017-05-15 13:53:27,512 [Thread-2:140004966147840] [blog.views:16] [views:index] [ERROR]-[Errno 2] No such file or directory: 'sss.txt'
2017-05-15 13:58:50,098 [Thread-5:140004949362432] [blog.views:16] [views:index] [ERROR]-[Errno 2] No such file or directory: 'sss.txt'
2017-05-15 14:02:50,819 [Thread-2:139981613668096] [blog.views:16] [views:index] [ERROR]-[Errno 2] No such file or directory: 'sss.txt'
2017-05-23 10:46:54,817 [Thread-4:140559733229312] [blog.views:57] [views:detail] [ERROR]-'str' object has no attribute 'META'
2017-05-23 10:47:03,658 [Thread-9:140559750014720] [blog.views:57] [views:detail] [ERROR]-'str' object has no attribute 'META'
2017-05-23 10:47:30,568 [Thread-2:140267726305024] [blog.views:57] [views:detail] [ERROR]-'str' object has no attribute 'META'
2017-05-23 10:47:45,154 [Thread-2:140323389773568] [blog.views:57] [views:detail] [ERROR]-'str' object has no attribute 'META'
2017-05-23 12:25:13,476 [Thread-2:140138090735360] [blog.views:52] [views:sortdetail] [ERROR]-'QuerySet' object has no attribute 'id'
2017-05-23 12:25:34,831 [Thread-2:140624332334848] [blog.views:52] [views:sortdetail] [ERROR]-'QuerySet' object has no attribute 'sortname'
2017-05-23 12:35:31,342 [Thread-3:140337771554560] [blog.views:56] [views:sortdetail] [ERROR]-'QuerySet' object has no attribute 'id'
2017-05-23 12:36:04,527 [Thread-2:140531732576000] [blog.views:57] [views:sortdetail] [ERROR]-'QuerySet' object has no attribute 'id'
2017-05-23 12:36:48,791 [Thread-2:140597210531584] [blog.views:56] [views:sortdetail] [ERROR]-'str' object has no attribute 'META'
2017-05-23 12:37:08,412 [Thread-2:140135360005888] [blog.views:56] [views:sortdetail] [ERROR]-'QuerySet' object has no attribute 'id'
2017-05-23 12:37:54,036 [Thread-2:140566293640960] [blog.views:57] [views:sortdetail] [ERROR]-type object 'Sort' has no attribute 'id'
2017-05-23 12:38:13,318 [Thread-2:140560704440064] [blog.views:57] [views:sortdetail] [ERROR]-'Manager' object has no attribute 'id'
2017-05-23 12:38:53,082 [Thread-2:139951707723520] [blog.views:57] [views:sortdetail] [ERROR]-'QuerySet' object has no attribute 'sortid'
2017-05-23 12:39:00,437 [Thread-4:139951690938112] [blog.views:57] [views:sortdetail] [ERROR]-'QuerySet' object has no attribute 'sortid'
2017-05-23 12:41:09,339 [Thread-5:140144057665280] [blog.views:57] [views:sortdetail] [ERROR]-list index out of range
2017-05-23 12:41:11,106 [Thread-6:140144057665280] [blog.views:57] [views:sortdetail] [ERROR]-list index out of range
2017-05-23 12:43:53,988 [Thread-2:140173659068160] [blog.views:57] [views:sortdetail] [ERROR]-list index out of range
2017-05-23 12:43:58,689 [Thread-4:140173438351104] [blog.views:57] [views:sortdetail] [ERROR]-list index out of range
2017-05-23 12:45:14,891 [Thread-6:139873520445184] [blog.views:56] [views:sortdetail] [ERROR]-list index out of range
2017-05-23 12:45:54,179 [Thread-5:140347698108160] [blog.views:56] [views:sortdetail] [ERROR]-list index out of range
2017-05-23 12:46:37,829 [Thread-2:140701249566464] [blog.views:56] [views:sortdetail] [ERROR]-list index out of range
2017-05-23 12:46:57,484 [Thread-2:140608120928000] [blog.views:56] [views:sortdetail] [ERROR]-list index out of range
2017-05-23 12:47:30,108 [Thread-2:139829505423104] [blog.views:56] [views:sortdetail] [ERROR]-list index out of range
2017-05-23 12:47:54,040 [Thread-2:140602630752000] [blog.views:56] [views:sortdetail] [ERROR]-list index out of range
2017-05-23 12:48:01,478 [Thread-2:139654888158976] [blog.views:56] [views:sortdetail] [ERROR]-list index out of range
2017-05-23 12:48:26,588 [Thread-2:140665515738880] [blog.views:56] [views:sortdetail] [ERROR]-list index out of range
2017-05-23 12:48:42,028 [Thread-2:139770169345792] [blog.views:56] [views:sortdetail] [ERROR]-list index out of range
2017-05-23 12:51:16,384 [Thread-2:139868593858304] [blog.views:56] [views:sortdetail] [ERROR]-list index out of range
2017-05-23 12:51:50,718 [Thread-2:140698931201792] [blog.views:57] [views:sortdetail] [ERROR]-list index out of range
2017-05-23 12:53:08,112 [Thread-2:140454782523136] [blog.views:56] [views:sortdetail] [ERROR]-list index out of range
2017-05-23 12:53:27,597 [Thread-2:140205766305536] [blog.views:56] [views:sortdetail] [ERROR]-list index out of range
2017-05-23 12:56:28,049 [Thread-2:139773045151488] [blog.views:56] [views:sortdetail] [ERROR]-list index out of range
2017-05-23 12:58:00,151 [Thread-2:140168460453632] [blog.views:56] [views:sortdetail] [ERROR]-list index out of range
2017-05-23 12:58:12,699 [Thread-6:140168452060928] [blog.views:56] [views:sortdetail] [ERROR]-list index out of range
2017-05-23 13:00:15,702 [Thread-2:140112292751104] [blog.views:56] [views:sortdetail] [ERROR]-list index out of range
2017-05-23 13:00:16,084 [Thread-3:140112284358400] [blog.views:56] [views:sortdetail] [ERROR]-list index out of range
2017-05-23 13:00:25,150 [Thread-2:140004659558144] [blog.views:55] [views:sortdetail] [ERROR]-list index out of range
2017-05-23 13:02:05,355 [Thread-2:139844492732160] [blog.views:46] [views:detail] [ERROR]-'Article' object has no attribute '__getitem__'
2017-05-23 13:02:12,464 [Thread-2:140248197625600] [blog.views:46] [views:detail] [ERROR]-unsupported operand type(s) for -: 'unicode' and 'int'
2017-05-23 13:03:13,855 [Thread-2:140694591776512] [blog.views:46] [views:detail] [ERROR]-'Article' object does not support indexing
2017-05-23 13:04:22,581 [Thread-2:139839773079296] [blog.views:45] [views:detail] [ERROR]-list index out of range
2017-05-23 13:07:23,273 [Thread-2:139870821005056] [blog.views:45] [views:detail] [ERROR]-list index out of range
2017-05-23 21:50:51,005 [Thread-6:140443207591680] [blog.views:45] [views:detail] [ERROR]-list index out of range
